0 0.552 37
1 0.552 38
2 0.552 38
3 0.552 0
4 0.552 85
5 0.552 31
6 0.552 33
7 0.552 33
0 1.103 80
1 1.103 79
2 1.103 41
3 1.103 33
4 1.103 81
5 1.103 43
6 1.103 83
7 1.103 79
0 1.654 42
1 1.654 93
2 1.654 80
3 1.654 82
4 1.654 42
5 1.654 82
6 1.654 40
7 1.654 42
0 2.205 77
1 2.205 35
2 2.205 72
3 2.205 40
4 2.205 76
5 2.205 34
6 2.205 86
7 2.205 84
0 2.757 44
1 2.757 39
2 2.757 48
3 2.757 85
4 2.757 41
5 2.757 38
6 2.757 44
7 2.757 42
0 3.308 88
1 3.308 76
2 3.308 39
3 3.308 89
4 3.308 83
5 3.308 85
6 3.308 85
7 3.308 83
0 3.859 38
1 3.859 38
2 3.859 86
3 3.859 80
4 3.859 41
5 3.859 45
6 3.859 36
7 3.859 39
0 4.41 70
1 4.41 74
2 4.41 33
3 4.41 36
4 4.41 70
5 4.41 73
6 4.41 71
7 4.41 89
0 4.962 41
1 4.962 39
2 4.962 84
3 4.962 92
4 4.962 40
5 4.962 39
6 4.962 88
7 4.962 37
0 5.513 86
1 5.513 91
2 5.513 44
3 5.513 85
4 5.513 78
5 5.513 79
6 5.513 82
7 5.513 89
0 6.064 41
1 6.064 32
2 6.064 86
3 6.064 8
4 6.064 35
5 6.064 75
6 6.064 34
7 6.064 90
0 6.626 83
1 6.626 90
2 6.626 46
3 6.626 95
4 6.626 78
5 6.626 43
6 6.626 45
7 6.626 85
0 7.177 40
1 7.177 38
2 7.177 88
3 7.177 32
4 7.177 39
5 7.177 38
6 7.177 83
7 7.177 23
0 7.728 77
1 7.728 77
2 7.728 37
3 7.728 37
4 7.728 81
5 7.728 79
6 7.728 39
7 7.728 39
0 8.28 51
1 8.28 17
2 8.28 94
3 8.28 82
4 8.28 89
5 8.28 46
6 8.28 94
7 8.28 31
